[04-Aug-2025 11:03:18 UTC] PHP Deprecated:  Using ${var} in strings is deprecated, use {$var} instead in D:\xampp\htdocs\cloriwatDB\wp-content\plugins\acuasafe-plugin\file_crop.php on line 69
[04-Aug-2025 11:03:18 UTC] PHP Deprecated:  Using ${var} in strings is deprecated, use {$var} instead in D:\xampp\htdocs\cloriwatDB\wp-content\plugins\acuasafe-plugin\file_crop.php on line 127
[04-Aug-2025 11:03:18 UTC] PHP Deprecated:  Using ${var} in strings is deprecated, use {$var} instead in D:\xampp\htdocs\cloriwatDB\wp-content\plugins\acuasafe-plugin\file_crop.php on line 127
[04-Aug-2025 11:03:18 UTC] PHP Deprecated:  Using ${var} in strings is deprecated, use {$var} instead in D:\xampp\htdocs\cloriwatDB\wp-content\plugins\acuasafe-plugin\file_crop.php on line 129
[04-Aug-2025 11:03:18 UTC] PHP Deprecated:  Using ${var} in strings is deprecated, use {$var} instead in D:\xampp\htdocs\cloriwatDB\wp-content\plugins\acuasafe-plugin\file_crop.php on line 131
[04-Aug-2025 11:03:18 UTC] PHP Deprecated:  Using ${var} in strings is deprecated, use {$var} instead in D:\xampp\htdocs\cloriwatDB\wp-content\plugins\acuasafe-plugin\file_crop.php on line 131
[04-Aug-2025 11:03:18 UTC] PHP Deprecated:  Using ${var} in strings is deprecated, use {$var} instead in D:\xampp\htdocs\cloriwatDB\wp-content\plugins\acuasafe-plugin\file_crop.php on line 131
[04-Aug-2025 11:03:18 UTC] PHP Deprecated:  Using ${var} in strings is deprecated, use {$var} instead in D:\xampp\htdocs\cloriwatDB\wp-content\plugins\acuasafe-plugin\file_crop.php on line 131
[04-Aug-2025 11:03:20 UTC] PHP Deprecated:  Using ${var} in strings is deprecated, use {$var} instead in D:\xampp\htdocs\cloriwatDB\wp-content\plugins\acuasafe-plugin\file_crop.php on line 69
[04-Aug-2025 11:03:20 UTC] PHP Deprecated:  Using ${var} in strings is deprecated, use {$var} instead in D:\xampp\htdocs\cloriwatDB\wp-content\plugins\acuasafe-plugin\file_crop.php on line 127
[04-Aug-2025 11:03:20 UTC] PHP Deprecated:  Using ${var} in strings is deprecated, use {$var} instead in D:\xampp\htdocs\cloriwatDB\wp-content\plugins\acuasafe-plugin\file_crop.php on line 127
[04-Aug-2025 11:03:20 UTC] PHP Deprecated:  Using ${var} in strings is deprecated, use {$var} instead in D:\xampp\htdocs\cloriwatDB\wp-content\plugins\acuasafe-plugin\file_crop.php on line 129
[04-Aug-2025 11:03:20 UTC] PHP Deprecated:  Using ${var} in strings is deprecated, use {$var} instead in D:\xampp\htdocs\cloriwatDB\wp-content\plugins\acuasafe-plugin\file_crop.php on line 131
[04-Aug-2025 11:03:20 UTC] PHP Deprecated:  Using ${var} in strings is deprecated, use {$var} instead in D:\xampp\htdocs\cloriwatDB\wp-content\plugins\acuasafe-plugin\file_crop.php on line 131
[04-Aug-2025 11:03:20 UTC] PHP Deprecated:  Using ${var} in strings is deprecated, use {$var} instead in D:\xampp\htdocs\cloriwatDB\wp-content\plugins\acuasafe-plugin\file_crop.php on line 131
[04-Aug-2025 11:03:20 UTC] PHP Deprecated:  Using ${var} in strings is deprecated, use {$var} instead in D:\xampp\htdocs\cloriwatDB\wp-content\plugins\acuasafe-plugin\file_crop.php on line 131
[04-Aug-2025 11:03:31 UTC] PHP Deprecated:  Using ${var} in strings is deprecated, use {$var} instead in D:\xampp\htdocs\cloriwatDB\wp-content\plugins\acuasafe-plugin\file_crop.php on line 69
[04-Aug-2025 11:03:31 UTC] PHP Deprecated:  Using ${var} in strings is deprecated, use {$var} instead in D:\xampp\htdocs\cloriwatDB\wp-content\plugins\acuasafe-plugin\file_crop.php on line 127
[04-Aug-2025 11:03:31 UTC] PHP Deprecated:  Using ${var} in strings is deprecated, use {$var} instead in D:\xampp\htdocs\cloriwatDB\wp-content\plugins\acuasafe-plugin\file_crop.php on line 127
[04-Aug-2025 11:03:31 UTC] PHP Deprecated:  Using ${var} in strings is deprecated, use {$var} instead in D:\xampp\htdocs\cloriwatDB\wp-content\plugins\acuasafe-plugin\file_crop.php on line 129
[04-Aug-2025 11:03:31 UTC] PHP Deprecated:  Using ${var} in strings is deprecated, use {$var} instead in D:\xampp\htdocs\cloriwatDB\wp-content\plugins\acuasafe-plugin\file_crop.php on line 131
[04-Aug-2025 11:03:31 UTC] PHP Deprecated:  Using ${var} in strings is deprecated, use {$var} instead in D:\xampp\htdocs\cloriwatDB\wp-content\plugins\acuasafe-plugin\file_crop.php on line 131
[04-Aug-2025 11:03:31 UTC] PHP Deprecated:  Using ${var} in strings is deprecated, use {$var} instead in D:\xampp\htdocs\cloriwatDB\wp-content\plugins\acuasafe-plugin\file_crop.php on line 131
[04-Aug-2025 11:03:31 UTC] PHP Deprecated:  Using ${var} in strings is deprecated, use {$var} instead in D:\xampp\htdocs\cloriwatDB\wp-content\plugins\acuasafe-plugin\file_crop.php on line 131
[04-Aug-2025 11:04:01 UTC] PHP Deprecated:  Using ${var} in strings is deprecated, use {$var} instead in D:\xampp\htdocs\cloriwatDB\wp-content\plugins\acuasafe-plugin\file_crop.php on line 69
[04-Aug-2025 11:04:01 UTC] PHP Deprecated:  Using ${var} in strings is deprecated, use {$var} instead in D:\xampp\htdocs\cloriwatDB\wp-content\plugins\acuasafe-plugin\file_crop.php on line 127
[04-Aug-2025 11:04:01 UTC] PHP Deprecated:  Using ${var} in strings is deprecated, use {$var} instead in D:\xampp\htdocs\cloriwatDB\wp-content\plugins\acuasafe-plugin\file_crop.php on line 127
[04-Aug-2025 11:04:01 UTC] PHP Deprecated:  Using ${var} in strings is deprecated, use {$var} instead in D:\xampp\htdocs\cloriwatDB\wp-content\plugins\acuasafe-plugin\file_crop.php on line 129
[04-Aug-2025 11:04:01 UTC] PHP Deprecated:  Using ${var} in strings is deprecated, use {$var} instead in D:\xampp\htdocs\cloriwatDB\wp-content\plugins\acuasafe-plugin\file_crop.php on line 131
[04-Aug-2025 11:04:01 UTC] PHP Deprecated:  Using ${var} in strings is deprecated, use {$var} instead in D:\xampp\htdocs\cloriwatDB\wp-content\plugins\acuasafe-plugin\file_crop.php on line 131
[04-Aug-2025 11:04:01 UTC] PHP Deprecated:  Using ${var} in strings is deprecated, use {$var} instead in D:\xampp\htdocs\cloriwatDB\wp-content\plugins\acuasafe-plugin\file_crop.php on line 131
[04-Aug-2025 11:04:01 UTC] PHP Deprecated:  Using ${var} in strings is deprecated, use {$var} instead in D:\xampp\htdocs\cloriwatDB\wp-content\plugins\acuasafe-plugin\file_crop.php on line 131
[04-Aug-2025 11:04:04 UTC] PHP Deprecated:  Using ${var} in strings is deprecated, use {$var} instead in D:\xampp\htdocs\cloriwatDB\wp-content\plugins\acuasafe-plugin\file_crop.php on line 69
[04-Aug-2025 11:04:04 UTC] PHP Deprecated:  Using ${var} in strings is deprecated, use {$var} instead in D:\xampp\htdocs\cloriwatDB\wp-content\plugins\acuasafe-plugin\file_crop.php on line 127
[04-Aug-2025 11:04:04 UTC] PHP Deprecated:  Using ${var} in strings is deprecated, use {$var} instead in D:\xampp\htdocs\cloriwatDB\wp-content\plugins\acuasafe-plugin\file_crop.php on line 127
[04-Aug-2025 11:04:04 UTC] PHP Deprecated:  Using ${var} in strings is deprecated, use {$var} instead in D:\xampp\htdocs\cloriwatDB\wp-content\plugins\acuasafe-plugin\file_crop.php on line 129
[04-Aug-2025 11:04:04 UTC] PHP Deprecated:  Using ${var} in strings is deprecated, use {$var} instead in D:\xampp\htdocs\cloriwatDB\wp-content\plugins\acuasafe-plugin\file_crop.php on line 131
[04-Aug-2025 11:04:04 UTC] PHP Deprecated:  Using ${var} in strings is deprecated, use {$var} instead in D:\xampp\htdocs\cloriwatDB\wp-content\plugins\acuasafe-plugin\file_crop.php on line 131
[04-Aug-2025 11:04:04 UTC] PHP Deprecated:  Using ${var} in strings is deprecated, use {$var} instead in D:\xampp\htdocs\cloriwatDB\wp-content\plugins\acuasafe-plugin\file_crop.php on line 131
[04-Aug-2025 11:04:04 UTC] PHP Deprecated:  Using ${var} in strings is deprecated, use {$var} instead in D:\xampp\htdocs\cloriwatDB\wp-content\plugins\acuasafe-plugin\file_crop.php on line 131
[04-Aug-2025 11:05:07 UTC] PHP Notice:  Function _load_textdomain_just_in_time was called <strong>incorrectly</strong>. Translation loading for the <code>acuasafe</code> domain was triggered too early. This is usually an indicator for some code in the plugin or theme running too early. Translations should be loaded at the <code>init</code> action or later. Please see <a href="https://developer.wordpress.org/advanced-administration/debug/debug-wordpress/">Debugging in WordPress</a> for more information. (This message was added in version 6.7.0.) in D:\xampp\htdocs\cloriwatDB\wp-includes\functions.php on line 6121
[04-Aug-2025 11:05:07 UTC] PHP Deprecated:  Creation of dynamic property Merlin::$ready_big_button_url is deprecated in D:\xampp\htdocs\cloriwatDB\wp-content\themes\acuasafe\demo-import\class-merlin.php on line 268
[04-Aug-2025 11:05:07 UTC] PHP Deprecated:  Creation of dynamic property Merlin::$slug is deprecated in D:\xampp\htdocs\cloriwatDB\wp-content\themes\acuasafe\demo-import\class-merlin.php on line 275
[04-Aug-2025 11:05:07 UTC] PHP Deprecated:  Creation of dynamic property ACUASAFE\Includes\Classes\Base::$protocol is deprecated in D:\xampp\htdocs\cloriwatDB\wp-content\themes\acuasafe\includes\classes\base.php on line 28
[04-Aug-2025 11:05:08 UTC] PHP Notice:  Function _load_textdomain_just_in_time was called <strong>incorrectly</strong>. Translation loading for the <code>acuasafe</code> domain was triggered too early. This is usually an indicator for some code in the plugin or theme running too early. Translations should be loaded at the <code>init</code> action or later. Please see <a href="https://developer.wordpress.org/advanced-administration/debug/debug-wordpress/">Debugging in WordPress</a> for more information. (This message was added in version 6.7.0.) in D:\xampp\htdocs\cloriwatDB\wp-includes\functions.php on line 6121
[04-Aug-2025 11:05:08 UTC] PHP Deprecated:  Creation of dynamic property Merlin::$ready_big_button_url is deprecated in D:\xampp\htdocs\cloriwatDB\wp-content\themes\acuasafe\demo-import\class-merlin.php on line 268
[04-Aug-2025 11:05:08 UTC] PHP Deprecated:  Creation of dynamic property Merlin::$slug is deprecated in D:\xampp\htdocs\cloriwatDB\wp-content\themes\acuasafe\demo-import\class-merlin.php on line 275
[04-Aug-2025 11:05:08 UTC] PHP Deprecated:  Creation of dynamic property ACUASAFE\Includes\Classes\Base::$protocol is deprecated in D:\xampp\htdocs\cloriwatDB\wp-content\themes\acuasafe\includes\classes\base.php on line 28
[04-Aug-2025 11:05:08 UTC] PHP Notice:  Function _load_textdomain_just_in_time was called <strong>incorrectly</strong>. Translation loading for the <code>acuasafe</code> domain was triggered too early. This is usually an indicator for some code in the plugin or theme running too early. Translations should be loaded at the <code>init</code> action or later. Please see <a href="https://developer.wordpress.org/advanced-administration/debug/debug-wordpress/">Debugging in WordPress</a> for more information. (This message was added in version 6.7.0.) in D:\xampp\htdocs\cloriwatDB\wp-includes\functions.php on line 6121
[04-Aug-2025 11:05:08 UTC] PHP Deprecated:  Creation of dynamic property Merlin::$ready_big_button_url is deprecated in D:\xampp\htdocs\cloriwatDB\wp-content\themes\acuasafe\demo-import\class-merlin.php on line 268
[04-Aug-2025 11:05:08 UTC] PHP Deprecated:  Creation of dynamic property Merlin::$slug is deprecated in D:\xampp\htdocs\cloriwatDB\wp-content\themes\acuasafe\demo-import\class-merlin.php on line 275
[04-Aug-2025 11:05:08 UTC] PHP Deprecated:  Creation of dynamic property ACUASAFE\Includes\Classes\Base::$protocol is deprecated in D:\xampp\htdocs\cloriwatDB\wp-content\themes\acuasafe\includes\classes\base.php on line 28
[04-Aug-2025 11:05:08 UTC] PHP Deprecated:  Creation of dynamic property Merlin::$hook_suffix is deprecated in D:\xampp\htdocs\cloriwatDB\wp-content\themes\acuasafe\demo-import\class-merlin.php on line 418
[04-Aug-2025 11:05:12 UTC] PHP Notice:  Function _load_textdomain_just_in_time was called <strong>incorrectly</strong>. Translation loading for the <code>acuasafe</code> domain was triggered too early. This is usually an indicator for some code in the plugin or theme running too early. Translations should be loaded at the <code>init</code> action or later. Please see <a href="https://developer.wordpress.org/advanced-administration/debug/debug-wordpress/">Debugging in WordPress</a> for more information. (This message was added in version 6.7.0.) in D:\xampp\htdocs\cloriwatDB\wp-includes\functions.php on line 6121
[04-Aug-2025 11:05:12 UTC] PHP Deprecated:  Creation of dynamic property Merlin::$ready_big_button_url is deprecated in D:\xampp\htdocs\cloriwatDB\wp-content\themes\acuasafe\demo-import\class-merlin.php on line 268
[04-Aug-2025 11:05:12 UTC] PHP Deprecated:  Creation of dynamic property Merlin::$slug is deprecated in D:\xampp\htdocs\cloriwatDB\wp-content\themes\acuasafe\demo-import\class-merlin.php on line 275
[04-Aug-2025 11:05:12 UTC] PHP Deprecated:  Creation of dynamic property ACUASAFE\Includes\Classes\Base::$protocol is deprecated in D:\xampp\htdocs\cloriwatDB\wp-content\themes\acuasafe\includes\classes\base.php on line 28
[04-Aug-2025 11:05:13 UTC] PHP Deprecated:  Creation of dynamic property Merlin::$hook_suffix is deprecated in D:\xampp\htdocs\cloriwatDB\wp-content\themes\acuasafe\demo-import\class-merlin.php on line 418
[04-Aug-2025 11:05:17 UTC] PHP Notice:  Function _load_textdomain_just_in_time was called <strong>incorrectly</strong>. Translation loading for the <code>acuasafe</code> domain was triggered too early. This is usually an indicator for some code in the plugin or theme running too early. Translations should be loaded at the <code>init</code> action or later. Please see <a href="https://developer.wordpress.org/advanced-administration/debug/debug-wordpress/">Debugging in WordPress</a> for more information. (This message was added in version 6.7.0.) in D:\xampp\htdocs\cloriwatDB\wp-includes\functions.php on line 6121
[04-Aug-2025 11:05:17 UTC] PHP Deprecated:  Creation of dynamic property Merlin::$ready_big_button_url is deprecated in D:\xampp\htdocs\cloriwatDB\wp-content\themes\acuasafe\demo-import\class-merlin.php on line 268
[04-Aug-2025 11:05:17 UTC] PHP Deprecated:  Creation of dynamic property Merlin::$slug is deprecated in D:\xampp\htdocs\cloriwatDB\wp-content\themes\acuasafe\demo-import\class-merlin.php on line 275
[04-Aug-2025 11:05:17 UTC] PHP Deprecated:  Creation of dynamic property ACUASAFE\Includes\Classes\Base::$protocol is deprecated in D:\xampp\htdocs\cloriwatDB\wp-content\themes\acuasafe\includes\classes\base.php on line 28
[04-Aug-2025 11:05:18 UTC] PHP Notice:  Function _load_textdomain_just_in_time was called <strong>incorrectly</strong>. Translation loading for the <code>acuasafe</code> domain was triggered too early. This is usually an indicator for some code in the plugin or theme running too early. Translations should be loaded at the <code>init</code> action or later. Please see <a href="https://developer.wordpress.org/advanced-administration/debug/debug-wordpress/">Debugging in WordPress</a> for more information. (This message was added in version 6.7.0.) in D:\xampp\htdocs\cloriwatDB\wp-includes\functions.php on line 6121
[04-Aug-2025 11:05:18 UTC] PHP Deprecated:  Creation of dynamic property Merlin::$ready_big_button_url is deprecated in D:\xampp\htdocs\cloriwatDB\wp-content\themes\acuasafe\demo-import\class-merlin.php on line 268
[04-Aug-2025 11:05:18 UTC] PHP Deprecated:  Creation of dynamic property Merlin::$slug is deprecated in D:\xampp\htdocs\cloriwatDB\wp-content\themes\acuasafe\demo-import\class-merlin.php on line 275
[04-Aug-2025 11:05:18 UTC] PHP Deprecated:  Creation of dynamic property ACUASAFE\Includes\Classes\Base::$protocol is deprecated in D:\xampp\htdocs\cloriwatDB\wp-content\themes\acuasafe\includes\classes\base.php on line 28
[04-Aug-2025 11:05:19 UTC] PHP Deprecated:  Creation of dynamic property Merlin::$hook_suffix is deprecated in D:\xampp\htdocs\cloriwatDB\wp-content\themes\acuasafe\demo-import\class-merlin.php on line 418
[04-Aug-2025 11:05:24 UTC] PHP Notice:  Function _load_textdomain_just_in_time was called <strong>incorrectly</strong>. Translation loading for the <code>acuasafe</code> domain was triggered too early. This is usually an indicator for some code in the plugin or theme running too early. Translations should be loaded at the <code>init</code> action or later. Please see <a href="https://developer.wordpress.org/advanced-administration/debug/debug-wordpress/">Debugging in WordPress</a> for more information. (This message was added in version 6.7.0.) in D:\xampp\htdocs\cloriwatDB\wp-includes\functions.php on line 6121
[04-Aug-2025 11:05:24 UTC] PHP Deprecated:  Creation of dynamic property Merlin::$ready_big_button_url is deprecated in D:\xampp\htdocs\cloriwatDB\wp-content\themes\acuasafe\demo-import\class-merlin.php on line 268
[04-Aug-2025 11:05:24 UTC] PHP Deprecated:  Creation of dynamic property Merlin::$slug is deprecated in D:\xampp\htdocs\cloriwatDB\wp-content\themes\acuasafe\demo-import\class-merlin.php on line 275
[04-Aug-2025 11:05:24 UTC] PHP Deprecated:  Creation of dynamic property ACUASAFE\Includes\Classes\Base::$protocol is deprecated in D:\xampp\htdocs\cloriwatDB\wp-content\themes\acuasafe\includes\classes\base.php on line 28
[04-Aug-2025 11:05:24 UTC] PHP Deprecated:  Creation of dynamic property Merlin::$hook_suffix is deprecated in D:\xampp\htdocs\cloriwatDB\wp-content\themes\acuasafe\demo-import\class-merlin.php on line 418
[04-Aug-2025 11:05:26 UTC] PHP Notice:  Function _load_textdomain_just_in_time was called <strong>incorrectly</strong>. Translation loading for the <code>acuasafe</code> domain was triggered too early. This is usually an indicator for some code in the plugin or theme running too early. Translations should be loaded at the <code>init</code> action or later. Please see <a href="https://developer.wordpress.org/advanced-administration/debug/debug-wordpress/">Debugging in WordPress</a> for more information. (This message was added in version 6.7.0.) in D:\xampp\htdocs\cloriwatDB\wp-includes\functions.php on line 6121
[04-Aug-2025 11:05:26 UTC] PHP Deprecated:  Creation of dynamic property Merlin::$ready_big_button_url is deprecated in D:\xampp\htdocs\cloriwatDB\wp-content\themes\acuasafe\demo-import\class-merlin.php on line 268
[04-Aug-2025 11:05:26 UTC] PHP Deprecated:  Creation of dynamic property Merlin::$slug is deprecated in D:\xampp\htdocs\cloriwatDB\wp-content\themes\acuasafe\demo-import\class-merlin.php on line 275
[04-Aug-2025 11:05:26 UTC] PHP Deprecated:  Creation of dynamic property ACUASAFE\Includes\Classes\Base::$protocol is deprecated in D:\xampp\htdocs\cloriwatDB\wp-content\themes\acuasafe\includes\classes\base.php on line 28
[04-Aug-2025 11:05:27 UTC] PHP Deprecated:  Creation of dynamic property Merlin::$hook_suffix is deprecated in D:\xampp\htdocs\cloriwatDB\wp-content\themes\acuasafe\demo-import\class-merlin.php on line 418
[04-Aug-2025 11:05:32 UTC] PHP Notice:  Function _load_textdomain_just_in_time was called <strong>incorrectly</strong>. Translation loading for the <code>acuasafe</code> domain was triggered too early. This is usually an indicator for some code in the plugin or theme running too early. Translations should be loaded at the <code>init</code> action or later. Please see <a href="https://developer.wordpress.org/advanced-administration/debug/debug-wordpress/">Debugging in WordPress</a> for more information. (This message was added in version 6.7.0.) in D:\xampp\htdocs\cloriwatDB\wp-includes\functions.php on line 6121
[04-Aug-2025 11:05:32 UTC] PHP Deprecated:  Creation of dynamic property Merlin::$ready_big_button_url is deprecated in D:\xampp\htdocs\cloriwatDB\wp-content\themes\acuasafe\demo-import\class-merlin.php on line 268
[04-Aug-2025 11:05:32 UTC] PHP Deprecated:  Creation of dynamic property Merlin::$slug is deprecated in D:\xampp\htdocs\cloriwatDB\wp-content\themes\acuasafe\demo-import\class-merlin.php on line 275
[04-Aug-2025 11:05:32 UTC] PHP Deprecated:  Creation of dynamic property ACUASAFE\Includes\Classes\Base::$protocol is deprecated in D:\xampp\htdocs\cloriwatDB\wp-content\themes\acuasafe\includes\classes\base.php on line 28
[04-Aug-2025 11:05:32 UTC] PHP Deprecated:  Creation of dynamic property Merlin::$hook_suffix is deprecated in D:\xampp\htdocs\cloriwatDB\wp-content\themes\acuasafe\demo-import\class-merlin.php on line 418
[04-Aug-2025 11:05:35 UTC] PHP Notice:  Function _load_textdomain_just_in_time was called <strong>incorrectly</strong>. Translation loading for the <code>acuasafe</code> domain was triggered too early. This is usually an indicator for some code in the plugin or theme running too early. Translations should be loaded at the <code>init</code> action or later. Please see <a href="https://developer.wordpress.org/advanced-administration/debug/debug-wordpress/">Debugging in WordPress</a> for more information. (This message was added in version 6.7.0.) in D:\xampp\htdocs\cloriwatDB\wp-includes\functions.php on line 6121
[04-Aug-2025 11:05:35 UTC] PHP Deprecated:  Creation of dynamic property Merlin::$ready_big_button_url is deprecated in D:\xampp\htdocs\cloriwatDB\wp-content\themes\acuasafe\demo-import\class-merlin.php on line 268
[04-Aug-2025 11:05:35 UTC] PHP Deprecated:  Creation of dynamic property Merlin::$slug is deprecated in D:\xampp\htdocs\cloriwatDB\wp-content\themes\acuasafe\demo-import\class-merlin.php on line 275
[04-Aug-2025 11:05:35 UTC] PHP Deprecated:  Creation of dynamic property ACUASAFE\Includes\Classes\Base::$protocol is deprecated in D:\xampp\htdocs\cloriwatDB\wp-content\themes\acuasafe\includes\classes\base.php on line 28
[04-Aug-2025 11:05:35 UTC] PHP Deprecated:  Creation of dynamic property Merlin::$hook_suffix is deprecated in D:\xampp\htdocs\cloriwatDB\wp-content\themes\acuasafe\demo-import\class-merlin.php on line 418
[04-Aug-2025 11:05:49 UTC] PHP Notice:  Function _load_textdomain_just_in_time was called <strong>incorrectly</strong>. Translation loading for the <code>acuasafe</code> domain was triggered too early. This is usually an indicator for some code in the plugin or theme running too early. Translations should be loaded at the <code>init</code> action or later. Please see <a href="https://developer.wordpress.org/advanced-administration/debug/debug-wordpress/">Debugging in WordPress</a> for more information. (This message was added in version 6.7.0.) in D:\xampp\htdocs\cloriwatDB\wp-includes\functions.php on line 6121
[04-Aug-2025 11:05:49 UTC] PHP Deprecated:  Creation of dynamic property Merlin::$ready_big_button_url is deprecated in D:\xampp\htdocs\cloriwatDB\wp-content\themes\acuasafe\demo-import\class-merlin.php on line 268
[04-Aug-2025 11:05:49 UTC] PHP Deprecated:  Creation of dynamic property Merlin::$slug is deprecated in D:\xampp\htdocs\cloriwatDB\wp-content\themes\acuasafe\demo-import\class-merlin.php on line 275
[04-Aug-2025 11:05:49 UTC] PHP Deprecated:  Creation of dynamic property ACUASAFE\Includes\Classes\Base::$protocol is deprecated in D:\xampp\htdocs\cloriwatDB\wp-content\themes\acuasafe\includes\classes\base.php on line 28
[04-Aug-2025 11:05:49 UTC] PHP Deprecated:  Creation of dynamic property Merlin::$hook_suffix is deprecated in D:\xampp\htdocs\cloriwatDB\wp-content\themes\acuasafe\demo-import\class-merlin.php on line 418
[04-Aug-2025 11:05:53 UTC] PHP Notice:  Function _load_textdomain_just_in_time was called <strong>incorrectly</strong>. Translation loading for the <code>acuasafe</code> domain was triggered too early. This is usually an indicator for some code in the plugin or theme running too early. Translations should be loaded at the <code>init</code> action or later. Please see <a href="https://developer.wordpress.org/advanced-administration/debug/debug-wordpress/">Debugging in WordPress</a> for more information. (This message was added in version 6.7.0.) in D:\xampp\htdocs\cloriwatDB\wp-includes\functions.php on line 6121
[04-Aug-2025 11:05:53 UTC] PHP Deprecated:  Creation of dynamic property Merlin::$ready_big_button_url is deprecated in D:\xampp\htdocs\cloriwatDB\wp-content\themes\acuasafe\demo-import\class-merlin.php on line 268
[04-Aug-2025 11:05:53 UTC] PHP Deprecated:  Creation of dynamic property Merlin::$slug is deprecated in D:\xampp\htdocs\cloriwatDB\wp-content\themes\acuasafe\demo-import\class-merlin.php on line 275
[04-Aug-2025 11:05:53 UTC] PHP Deprecated:  Creation of dynamic property ACUASAFE\Includes\Classes\Base::$protocol is deprecated in D:\xampp\htdocs\cloriwatDB\wp-content\themes\acuasafe\includes\classes\base.php on line 28
[04-Aug-2025 11:05:54 UTC] PHP Deprecated:  Creation of dynamic property Merlin::$hook_suffix is deprecated in D:\xampp\htdocs\cloriwatDB\wp-content\themes\acuasafe\demo-import\class-merlin.php on line 418
[04-Aug-2025 11:05:54 UTC] PHP Deprecated:  Using ${var} in strings is deprecated, use {$var} instead in D:\xampp\htdocs\cloriwatDB\wp-content\plugins\acuasafe-plugin\file_crop.php on line 69
[04-Aug-2025 11:05:54 UTC] PHP Deprecated:  Using ${var} in strings is deprecated, use {$var} instead in D:\xampp\htdocs\cloriwatDB\wp-content\plugins\acuasafe-plugin\file_crop.php on line 127
[04-Aug-2025 11:05:54 UTC] PHP Deprecated:  Using ${var} in strings is deprecated, use {$var} instead in D:\xampp\htdocs\cloriwatDB\wp-content\plugins\acuasafe-plugin\file_crop.php on line 127
[04-Aug-2025 11:05:54 UTC] PHP Deprecated:  Using ${var} in strings is deprecated, use {$var} instead in D:\xampp\htdocs\cloriwatDB\wp-content\plugins\acuasafe-plugin\file_crop.php on line 129
[04-Aug-2025 11:05:54 UTC] PHP Deprecated:  Using ${var} in strings is deprecated, use {$var} instead in D:\xampp\htdocs\cloriwatDB\wp-content\plugins\acuasafe-plugin\file_crop.php on line 131
[04-Aug-2025 11:05:54 UTC] PHP Deprecated:  Using ${var} in strings is deprecated, use {$var} instead in D:\xampp\htdocs\cloriwatDB\wp-content\plugins\acuasafe-plugin\file_crop.php on line 131
[04-Aug-2025 11:05:54 UTC] PHP Deprecated:  Using ${var} in strings is deprecated, use {$var} instead in D:\xampp\htdocs\cloriwatDB\wp-content\plugins\acuasafe-plugin\file_crop.php on line 131
[04-Aug-2025 11:05:54 UTC] PHP Deprecated:  Using ${var} in strings is deprecated, use {$var} instead in D:\xampp\htdocs\cloriwatDB\wp-content\plugins\acuasafe-plugin\file_crop.php on line 131
[04-Aug-2025 11:05:56 UTC] PHP Deprecated:  Using ${var} in strings is deprecated, use {$var} instead in D:\xampp\htdocs\cloriwatDB\wp-content\plugins\acuasafe-plugin\file_crop.php on line 69
[04-Aug-2025 11:05:56 UTC] PHP Deprecated:  Using ${var} in strings is deprecated, use {$var} instead in D:\xampp\htdocs\cloriwatDB\wp-content\plugins\acuasafe-plugin\file_crop.php on line 127
[04-Aug-2025 11:05:56 UTC] PHP Deprecated:  Using ${var} in strings is deprecated, use {$var} instead in D:\xampp\htdocs\cloriwatDB\wp-content\plugins\acuasafe-plugin\file_crop.php on line 127
[04-Aug-2025 11:05:56 UTC] PHP Deprecated:  Using ${var} in strings is deprecated, use {$var} instead in D:\xampp\htdocs\cloriwatDB\wp-content\plugins\acuasafe-plugin\file_crop.php on line 129
[04-Aug-2025 11:05:56 UTC] PHP Deprecated:  Using ${var} in strings is deprecated, use {$var} instead in D:\xampp\htdocs\cloriwatDB\wp-content\plugins\acuasafe-plugin\file_crop.php on line 131
[04-Aug-2025 11:05:56 UTC] PHP Deprecated:  Using ${var} in strings is deprecated, use {$var} instead in D:\xampp\htdocs\cloriwatDB\wp-content\plugins\acuasafe-plugin\file_crop.php on line 131
[04-Aug-2025 11:05:56 UTC] PHP Deprecated:  Using ${var} in strings is deprecated, use {$var} instead in D:\xampp\htdocs\cloriwatDB\wp-content\plugins\acuasafe-plugin\file_crop.php on line 131
[04-Aug-2025 11:05:56 UTC] PHP Deprecated:  Using ${var} in strings is deprecated, use {$var} instead in D:\xampp\htdocs\cloriwatDB\wp-content\plugins\acuasafe-plugin\file_crop.php on line 131
[04-Aug-2025 11:06:39 UTC] PHP Deprecated:  Using ${var} in strings is deprecated, use {$var} instead in D:\xampp\htdocs\cloriwatDB\wp-content\plugins\acuasafe-plugin\file_crop.php on line 69
[04-Aug-2025 11:06:39 UTC] PHP Deprecated:  Using ${var} in strings is deprecated, use {$var} instead in D:\xampp\htdocs\cloriwatDB\wp-content\plugins\acuasafe-plugin\file_crop.php on line 127
[04-Aug-2025 11:06:39 UTC] PHP Deprecated:  Using ${var} in strings is deprecated, use {$var} instead in D:\xampp\htdocs\cloriwatDB\wp-content\plugins\acuasafe-plugin\file_crop.php on line 127
[04-Aug-2025 11:06:39 UTC] PHP Deprecated:  Using ${var} in strings is deprecated, use {$var} instead in D:\xampp\htdocs\cloriwatDB\wp-content\plugins\acuasafe-plugin\file_crop.php on line 129
[04-Aug-2025 11:06:39 UTC] PHP Deprecated:  Using ${var} in strings is deprecated, use {$var} instead in D:\xampp\htdocs\cloriwatDB\wp-content\plugins\acuasafe-plugin\file_crop.php on line 131
[04-Aug-2025 11:06:39 UTC] PHP Deprecated:  Using ${var} in strings is deprecated, use {$var} instead in D:\xampp\htdocs\cloriwatDB\wp-content\plugins\acuasafe-plugin\file_crop.php on line 131
[04-Aug-2025 11:06:39 UTC] PHP Deprecated:  Using ${var} in strings is deprecated, use {$var} instead in D:\xampp\htdocs\cloriwatDB\wp-content\plugins\acuasafe-plugin\file_crop.php on line 131
[04-Aug-2025 11:06:39 UTC] PHP Deprecated:  Using ${var} in strings is deprecated, use {$var} instead in D:\xampp\htdocs\cloriwatDB\wp-content\plugins\acuasafe-plugin\file_crop.php on line 131
[04-Aug-2025 11:06:40 UTC] PHP Deprecated:  Using ${var} in strings is deprecated, use {$var} instead in D:\xampp\htdocs\cloriwatDB\wp-content\plugins\acuasafe-plugin\file_crop.php on line 69
[04-Aug-2025 11:06:40 UTC] PHP Deprecated:  Using ${var} in strings is deprecated, use {$var} instead in D:\xampp\htdocs\cloriwatDB\wp-content\plugins\acuasafe-plugin\file_crop.php on line 127
[04-Aug-2025 11:06:40 UTC] PHP Deprecated:  Using ${var} in strings is deprecated, use {$var} instead in D:\xampp\htdocs\cloriwatDB\wp-content\plugins\acuasafe-plugin\file_crop.php on line 127
[04-Aug-2025 11:06:40 UTC] PHP Deprecated:  Using ${var} in strings is deprecated, use {$var} instead in D:\xampp\htdocs\cloriwatDB\wp-content\plugins\acuasafe-plugin\file_crop.php on line 129
[04-Aug-2025 11:06:40 UTC] PHP Deprecated:  Using ${var} in strings is deprecated, use {$var} instead in D:\xampp\htdocs\cloriwatDB\wp-content\plugins\acuasafe-plugin\file_crop.php on line 131
[04-Aug-2025 11:06:40 UTC] PHP Deprecated:  Using ${var} in strings is deprecated, use {$var} instead in D:\xampp\htdocs\cloriwatDB\wp-content\plugins\acuasafe-plugin\file_crop.php on line 131
[04-Aug-2025 11:06:40 UTC] PHP Deprecated:  Using ${var} in strings is deprecated, use {$var} instead in D:\xampp\htdocs\cloriwatDB\wp-content\plugins\acuasafe-plugin\file_crop.php on line 131
[04-Aug-2025 11:06:40 UTC] PHP Deprecated:  Using ${var} in strings is deprecated, use {$var} instead in D:\xampp\htdocs\cloriwatDB\wp-content\plugins\acuasafe-plugin\file_crop.php on line 131
[04-Aug-2025 11:07:34 UTC] PHP Deprecated:  Using ${var} in strings is deprecated, use {$var} instead in D:\xampp\htdocs\cloriwatDB\wp-content\plugins\acuasafe-plugin\file_crop.php on line 69
[04-Aug-2025 11:07:34 UTC] PHP Deprecated:  Using ${var} in strings is deprecated, use {$var} instead in D:\xampp\htdocs\cloriwatDB\wp-content\plugins\acuasafe-plugin\file_crop.php on line 127
[04-Aug-2025 11:07:34 UTC] PHP Deprecated:  Using ${var} in strings is deprecated, use {$var} instead in D:\xampp\htdocs\cloriwatDB\wp-content\plugins\acuasafe-plugin\file_crop.php on line 127
[04-Aug-2025 11:07:34 UTC] PHP Deprecated:  Using ${var} in strings is deprecated, use {$var} instead in D:\xampp\htdocs\cloriwatDB\wp-content\plugins\acuasafe-plugin\file_crop.php on line 129
[04-Aug-2025 11:07:34 UTC] PHP Deprecated:  Using ${var} in strings is deprecated, use {$var} instead in D:\xampp\htdocs\cloriwatDB\wp-content\plugins\acuasafe-plugin\file_crop.php on line 131
[04-Aug-2025 11:07:34 UTC] PHP Deprecated:  Using ${var} in strings is deprecated, use {$var} instead in D:\xampp\htdocs\cloriwatDB\wp-content\plugins\acuasafe-plugin\file_crop.php on line 131
[04-Aug-2025 11:07:34 UTC] PHP Deprecated:  Using ${var} in strings is deprecated, use {$var} instead in D:\xampp\htdocs\cloriwatDB\wp-content\plugins\acuasafe-plugin\file_crop.php on line 131
[04-Aug-2025 11:07:34 UTC] PHP Deprecated:  Using ${var} in strings is deprecated, use {$var} instead in D:\xampp\htdocs\cloriwatDB\wp-content\plugins\acuasafe-plugin\file_crop.php on line 131
[04-Aug-2025 11:07:35 UTC] PHP Deprecated:  Using ${var} in strings is deprecated, use {$var} instead in D:\xampp\htdocs\cloriwatDB\wp-content\plugins\acuasafe-plugin\file_crop.php on line 69
[04-Aug-2025 11:07:35 UTC] PHP Deprecated:  Using ${var} in strings is deprecated, use {$var} instead in D:\xampp\htdocs\cloriwatDB\wp-content\plugins\acuasafe-plugin\file_crop.php on line 127
[04-Aug-2025 11:07:35 UTC] PHP Deprecated:  Using ${var} in strings is deprecated, use {$var} instead in D:\xampp\htdocs\cloriwatDB\wp-content\plugins\acuasafe-plugin\file_crop.php on line 127
[04-Aug-2025 11:07:35 UTC] PHP Deprecated:  Using ${var} in strings is deprecated, use {$var} instead in D:\xampp\htdocs\cloriwatDB\wp-content\plugins\acuasafe-plugin\file_crop.php on line 129
[04-Aug-2025 11:07:35 UTC] PHP Deprecated:  Using ${var} in strings is deprecated, use {$var} instead in D:\xampp\htdocs\cloriwatDB\wp-content\plugins\acuasafe-plugin\file_crop.php on line 131
[04-Aug-2025 11:07:35 UTC] PHP Deprecated:  Using ${var} in strings is deprecated, use {$var} instead in D:\xampp\htdocs\cloriwatDB\wp-content\plugins\acuasafe-plugin\file_crop.php on line 131
[04-Aug-2025 11:07:35 UTC] PHP Deprecated:  Using ${var} in strings is deprecated, use {$var} instead in D:\xampp\htdocs\cloriwatDB\wp-content\plugins\acuasafe-plugin\file_crop.php on line 131
[04-Aug-2025 11:07:35 UTC] PHP Deprecated:  Using ${var} in strings is deprecated, use {$var} instead in D:\xampp\htdocs\cloriwatDB\wp-content\plugins\acuasafe-plugin\file_crop.php on line 131
[04-Aug-2025 11:07:41 UTC] PHP Deprecated:  Using ${var} in strings is deprecated, use {$var} instead in D:\xampp\htdocs\cloriwatDB\wp-content\plugins\acuasafe-plugin\file_crop.php on line 69
[04-Aug-2025 11:07:41 UTC] PHP Deprecated:  Using ${var} in strings is deprecated, use {$var} instead in D:\xampp\htdocs\cloriwatDB\wp-content\plugins\acuasafe-plugin\file_crop.php on line 127
[04-Aug-2025 11:07:41 UTC] PHP Deprecated:  Using ${var} in strings is deprecated, use {$var} instead in D:\xampp\htdocs\cloriwatDB\wp-content\plugins\acuasafe-plugin\file_crop.php on line 127
[04-Aug-2025 11:07:41 UTC] PHP Deprecated:  Using ${var} in strings is deprecated, use {$var} instead in D:\xampp\htdocs\cloriwatDB\wp-content\plugins\acuasafe-plugin\file_crop.php on line 129
[04-Aug-2025 11:07:41 UTC] PHP Deprecated:  Using ${var} in strings is deprecated, use {$var} instead in D:\xampp\htdocs\cloriwatDB\wp-content\plugins\acuasafe-plugin\file_crop.php on line 131
[04-Aug-2025 11:07:41 UTC] PHP Deprecated:  Using ${var} in strings is deprecated, use {$var} instead in D:\xampp\htdocs\cloriwatDB\wp-content\plugins\acuasafe-plugin\file_crop.php on line 131
[04-Aug-2025 11:07:41 UTC] PHP Deprecated:  Using ${var} in strings is deprecated, use {$var} instead in D:\xampp\htdocs\cloriwatDB\wp-content\plugins\acuasafe-plugin\file_crop.php on line 131
[04-Aug-2025 11:07:41 UTC] PHP Deprecated:  Using ${var} in strings is deprecated, use {$var} instead in D:\xampp\htdocs\cloriwatDB\wp-content\plugins\acuasafe-plugin\file_crop.php on line 131
[04-Aug-2025 11:07:44 UTC] PHP Deprecated:  Using ${var} in strings is deprecated, use {$var} instead in D:\xampp\htdocs\cloriwatDB\wp-content\plugins\acuasafe-plugin\file_crop.php on line 69
[04-Aug-2025 11:07:44 UTC] PHP Deprecated:  Using ${var} in strings is deprecated, use {$var} instead in D:\xampp\htdocs\cloriwatDB\wp-content\plugins\acuasafe-plugin\file_crop.php on line 127
[04-Aug-2025 11:07:44 UTC] PHP Deprecated:  Using ${var} in strings is deprecated, use {$var} instead in D:\xampp\htdocs\cloriwatDB\wp-content\plugins\acuasafe-plugin\file_crop.php on line 127
[04-Aug-2025 11:07:44 UTC] PHP Deprecated:  Using ${var} in strings is deprecated, use {$var} instead in D:\xampp\htdocs\cloriwatDB\wp-content\plugins\acuasafe-plugin\file_crop.php on line 129
[04-Aug-2025 11:07:44 UTC] PHP Deprecated:  Using ${var} in strings is deprecated, use {$var} instead in D:\xampp\htdocs\cloriwatDB\wp-content\plugins\acuasafe-plugin\file_crop.php on line 131
[04-Aug-2025 11:07:44 UTC] PHP Deprecated:  Using ${var} in strings is deprecated, use {$var} instead in D:\xampp\htdocs\cloriwatDB\wp-content\plugins\acuasafe-plugin\file_crop.php on line 131
[04-Aug-2025 11:07:44 UTC] PHP Deprecated:  Using ${var} in strings is deprecated, use {$var} instead in D:\xampp\htdocs\cloriwatDB\wp-content\plugins\acuasafe-plugin\file_crop.php on line 131
[04-Aug-2025 11:07:44 UTC] PHP Deprecated:  Using ${var} in strings is deprecated, use {$var} instead in D:\xampp\htdocs\cloriwatDB\wp-content\plugins\acuasafe-plugin\file_crop.php on line 131
[04-Aug-2025 11:07:52 UTC] PHP Deprecated:  Using ${var} in strings is deprecated, use {$var} instead in D:\xampp\htdocs\cloriwatDB\wp-content\plugins\acuasafe-plugin\file_crop.php on line 69
[04-Aug-2025 11:07:52 UTC] PHP Deprecated:  Using ${var} in strings is deprecated, use {$var} instead in D:\xampp\htdocs\cloriwatDB\wp-content\plugins\acuasafe-plugin\file_crop.php on line 127
[04-Aug-2025 11:07:52 UTC] PHP Deprecated:  Using ${var} in strings is deprecated, use {$var} instead in D:\xampp\htdocs\cloriwatDB\wp-content\plugins\acuasafe-plugin\file_crop.php on line 127
[04-Aug-2025 11:07:52 UTC] PHP Deprecated:  Using ${var} in strings is deprecated, use {$var} instead in D:\xampp\htdocs\cloriwatDB\wp-content\plugins\acuasafe-plugin\file_crop.php on line 129
[04-Aug-2025 11:07:52 UTC] PHP Deprecated:  Using ${var} in strings is deprecated, use {$var} instead in D:\xampp\htdocs\cloriwatDB\wp-content\plugins\acuasafe-plugin\file_crop.php on line 131
[04-Aug-2025 11:07:52 UTC] PHP Deprecated:  Using ${var} in strings is deprecated, use {$var} instead in D:\xampp\htdocs\cloriwatDB\wp-content\plugins\acuasafe-plugin\file_crop.php on line 131
[04-Aug-2025 11:07:52 UTC] PHP Deprecated:  Using ${var} in strings is deprecated, use {$var} instead in D:\xampp\htdocs\cloriwatDB\wp-content\plugins\acuasafe-plugin\file_crop.php on line 131
[04-Aug-2025 11:07:52 UTC] PHP Deprecated:  Using ${var} in strings is deprecated, use {$var} instead in D:\xampp\htdocs\cloriwatDB\wp-content\plugins\acuasafe-plugin\file_crop.php on line 131
[04-Aug-2025 11:07:58 UTC] PHP Deprecated:  Using ${var} in strings is deprecated, use {$var} instead in D:\xampp\htdocs\cloriwatDB\wp-content\plugins\acuasafe-plugin\file_crop.php on line 69
[04-Aug-2025 11:07:58 UTC] PHP Deprecated:  Using ${var} in strings is deprecated, use {$var} instead in D:\xampp\htdocs\cloriwatDB\wp-content\plugins\acuasafe-plugin\file_crop.php on line 127
[04-Aug-2025 11:07:58 UTC] PHP Deprecated:  Using ${var} in strings is deprecated, use {$var} instead in D:\xampp\htdocs\cloriwatDB\wp-content\plugins\acuasafe-plugin\file_crop.php on line 127
[04-Aug-2025 11:07:58 UTC] PHP Deprecated:  Using ${var} in strings is deprecated, use {$var} instead in D:\xampp\htdocs\cloriwatDB\wp-content\plugins\acuasafe-plugin\file_crop.php on line 129
[04-Aug-2025 11:07:58 UTC] PHP Deprecated:  Using ${var} in strings is deprecated, use {$var} instead in D:\xampp\htdocs\cloriwatDB\wp-content\plugins\acuasafe-plugin\file_crop.php on line 131
[04-Aug-2025 11:07:58 UTC] PHP Deprecated:  Using ${var} in strings is deprecated, use {$var} instead in D:\xampp\htdocs\cloriwatDB\wp-content\plugins\acuasafe-plugin\file_crop.php on line 131
[04-Aug-2025 11:07:58 UTC] PHP Deprecated:  Using ${var} in strings is deprecated, use {$var} instead in D:\xampp\htdocs\cloriwatDB\wp-content\plugins\acuasafe-plugin\file_crop.php on line 131
[04-Aug-2025 11:07:58 UTC] PHP Deprecated:  Using ${var} in strings is deprecated, use {$var} instead in D:\xampp\htdocs\cloriwatDB\wp-content\plugins\acuasafe-plugin\file_crop.php on line 131
[04-Aug-2025 11:07:59 UTC] PHP Deprecated:  Using ${var} in strings is deprecated, use {$var} instead in D:\xampp\htdocs\cloriwatDB\wp-content\plugins\acuasafe-plugin\file_crop.php on line 69
[04-Aug-2025 11:07:59 UTC] PHP Deprecated:  Using ${var} in strings is deprecated, use {$var} instead in D:\xampp\htdocs\cloriwatDB\wp-content\plugins\acuasafe-plugin\file_crop.php on line 127
[04-Aug-2025 11:07:59 UTC] PHP Deprecated:  Using ${var} in strings is deprecated, use {$var} instead in D:\xampp\htdocs\cloriwatDB\wp-content\plugins\acuasafe-plugin\file_crop.php on line 127
[04-Aug-2025 11:07:59 UTC] PHP Deprecated:  Using ${var} in strings is deprecated, use {$var} instead in D:\xampp\htdocs\cloriwatDB\wp-content\plugins\acuasafe-plugin\file_crop.php on line 129
[04-Aug-2025 11:07:59 UTC] PHP Deprecated:  Using ${var} in strings is deprecated, use {$var} instead in D:\xampp\htdocs\cloriwatDB\wp-content\plugins\acuasafe-plugin\file_crop.php on line 131
[04-Aug-2025 11:07:59 UTC] PHP Deprecated:  Using ${var} in strings is deprecated, use {$var} instead in D:\xampp\htdocs\cloriwatDB\wp-content\plugins\acuasafe-plugin\file_crop.php on line 131
[04-Aug-2025 11:07:59 UTC] PHP Deprecated:  Using ${var} in strings is deprecated, use {$var} instead in D:\xampp\htdocs\cloriwatDB\wp-content\plugins\acuasafe-plugin\file_crop.php on line 131
[04-Aug-2025 11:07:59 UTC] PHP Deprecated:  Using ${var} in strings is deprecated, use {$var} instead in D:\xampp\htdocs\cloriwatDB\wp-content\plugins\acuasafe-plugin\file_crop.php on line 131
[04-Aug-2025 11:08:02 UTC] PHP Deprecated:  Using ${var} in strings is deprecated, use {$var} instead in D:\xampp\htdocs\cloriwatDB\wp-content\plugins\acuasafe-plugin\file_crop.php on line 69
[04-Aug-2025 11:08:02 UTC] PHP Deprecated:  Using ${var} in strings is deprecated, use {$var} instead in D:\xampp\htdocs\cloriwatDB\wp-content\plugins\acuasafe-plugin\file_crop.php on line 127
[04-Aug-2025 11:08:02 UTC] PHP Deprecated:  Using ${var} in strings is deprecated, use {$var} instead in D:\xampp\htdocs\cloriwatDB\wp-content\plugins\acuasafe-plugin\file_crop.php on line 127
[04-Aug-2025 11:08:02 UTC] PHP Deprecated:  Using ${var} in strings is deprecated, use {$var} instead in D:\xampp\htdocs\cloriwatDB\wp-content\plugins\acuasafe-plugin\file_crop.php on line 129
[04-Aug-2025 11:08:02 UTC] PHP Deprecated:  Using ${var} in strings is deprecated, use {$var} instead in D:\xampp\htdocs\cloriwatDB\wp-content\plugins\acuasafe-plugin\file_crop.php on line 131
[04-Aug-2025 11:08:02 UTC] PHP Deprecated:  Using ${var} in strings is deprecated, use {$var} instead in D:\xampp\htdocs\cloriwatDB\wp-content\plugins\acuasafe-plugin\file_crop.php on line 131
[04-Aug-2025 11:08:02 UTC] PHP Deprecated:  Using ${var} in strings is deprecated, use {$var} instead in D:\xampp\htdocs\cloriwatDB\wp-content\plugins\acuasafe-plugin\file_crop.php on line 131
[04-Aug-2025 11:08:02 UTC] PHP Deprecated:  Using ${var} in strings is deprecated, use {$var} instead in D:\xampp\htdocs\cloriwatDB\wp-content\plugins\acuasafe-plugin\file_crop.php on line 131
[04-Aug-2025 11:08:45 UTC] PHP Deprecated:  Using ${var} in strings is deprecated, use {$var} instead in D:\xampp\htdocs\cloriwatDB\wp-content\plugins\acuasafe-plugin\file_crop.php on line 69
[04-Aug-2025 11:08:45 UTC] PHP Deprecated:  Using ${var} in strings is deprecated, use {$var} instead in D:\xampp\htdocs\cloriwatDB\wp-content\plugins\acuasafe-plugin\file_crop.php on line 127
[04-Aug-2025 11:08:45 UTC] PHP Deprecated:  Using ${var} in strings is deprecated, use {$var} instead in D:\xampp\htdocs\cloriwatDB\wp-content\plugins\acuasafe-plugin\file_crop.php on line 127
[04-Aug-2025 11:08:45 UTC] PHP Deprecated:  Using ${var} in strings is deprecated, use {$var} instead in D:\xampp\htdocs\cloriwatDB\wp-content\plugins\acuasafe-plugin\file_crop.php on line 129
[04-Aug-2025 11:08:45 UTC] PHP Deprecated:  Using ${var} in strings is deprecated, use {$var} instead in D:\xampp\htdocs\cloriwatDB\wp-content\plugins\acuasafe-plugin\file_crop.php on line 131
[04-Aug-2025 11:08:45 UTC] PHP Deprecated:  Using ${var} in strings is deprecated, use {$var} instead in D:\xampp\htdocs\cloriwatDB\wp-content\plugins\acuasafe-plugin\file_crop.php on line 131
[04-Aug-2025 11:08:45 UTC] PHP Deprecated:  Using ${var} in strings is deprecated, use {$var} instead in D:\xampp\htdocs\cloriwatDB\wp-content\plugins\acuasafe-plugin\file_crop.php on line 131
[04-Aug-2025 11:08:45 UTC] PHP Deprecated:  Using ${var} in strings is deprecated, use {$var} instead in D:\xampp\htdocs\cloriwatDB\wp-content\plugins\acuasafe-plugin\file_crop.php on line 131
[04-Aug-2025 11:08:46 UTC] PHP Deprecated:  Using ${var} in strings is deprecated, use {$var} instead in D:\xampp\htdocs\cloriwatDB\wp-content\plugins\acuasafe-plugin\file_crop.php on line 69
[04-Aug-2025 11:08:46 UTC] PHP Deprecated:  Using ${var} in strings is deprecated, use {$var} instead in D:\xampp\htdocs\cloriwatDB\wp-content\plugins\acuasafe-plugin\file_crop.php on line 127
[04-Aug-2025 11:08:46 UTC] PHP Deprecated:  Using ${var} in strings is deprecated, use {$var} instead in D:\xampp\htdocs\cloriwatDB\wp-content\plugins\acuasafe-plugin\file_crop.php on line 127
[04-Aug-2025 11:08:46 UTC] PHP Deprecated:  Using ${var} in strings is deprecated, use {$var} instead in D:\xampp\htdocs\cloriwatDB\wp-content\plugins\acuasafe-plugin\file_crop.php on line 129
[04-Aug-2025 11:08:46 UTC] PHP Deprecated:  Using ${var} in strings is deprecated, use {$var} instead in D:\xampp\htdocs\cloriwatDB\wp-content\plugins\acuasafe-plugin\file_crop.php on line 131
[04-Aug-2025 11:08:46 UTC] PHP Deprecated:  Using ${var} in strings is deprecated, use {$var} instead in D:\xampp\htdocs\cloriwatDB\wp-content\plugins\acuasafe-plugin\file_crop.php on line 131
[04-Aug-2025 11:08:46 UTC] PHP Deprecated:  Using ${var} in strings is deprecated, use {$var} instead in D:\xampp\htdocs\cloriwatDB\wp-content\plugins\acuasafe-plugin\file_crop.php on line 131
[04-Aug-2025 11:08:46 UTC] PHP Deprecated:  Using ${var} in strings is deprecated, use {$var} instead in D:\xampp\htdocs\cloriwatDB\wp-content\plugins\acuasafe-plugin\file_crop.php on line 131
[04-Aug-2025 11:10:45 UTC] PHP Deprecated:  Using ${var} in strings is deprecated, use {$var} instead in D:\xampp\htdocs\cloriwatDB\wp-content\plugins\acuasafe-plugin\file_crop.php on line 69
[04-Aug-2025 11:10:45 UTC] PHP Deprecated:  Using ${var} in strings is deprecated, use {$var} instead in D:\xampp\htdocs\cloriwatDB\wp-content\plugins\acuasafe-plugin\file_crop.php on line 127
[04-Aug-2025 11:10:45 UTC] PHP Deprecated:  Using ${var} in strings is deprecated, use {$var} instead in D:\xampp\htdocs\cloriwatDB\wp-content\plugins\acuasafe-plugin\file_crop.php on line 127
[04-Aug-2025 11:10:45 UTC] PHP Deprecated:  Using ${var} in strings is deprecated, use {$var} instead in D:\xampp\htdocs\cloriwatDB\wp-content\plugins\acuasafe-plugin\file_crop.php on line 129
[04-Aug-2025 11:10:45 UTC] PHP Deprecated:  Using ${var} in strings is deprecated, use {$var} instead in D:\xampp\htdocs\cloriwatDB\wp-content\plugins\acuasafe-plugin\file_crop.php on line 131
[04-Aug-2025 11:10:45 UTC] PHP Deprecated:  Using ${var} in strings is deprecated, use {$var} instead in D:\xampp\htdocs\cloriwatDB\wp-content\plugins\acuasafe-plugin\file_crop.php on line 131
[04-Aug-2025 11:10:45 UTC] PHP Deprecated:  Using ${var} in strings is deprecated, use {$var} instead in D:\xampp\htdocs\cloriwatDB\wp-content\plugins\acuasafe-plugin\file_crop.php on line 131
[04-Aug-2025 11:10:45 UTC] PHP Deprecated:  Using ${var} in strings is deprecated, use {$var} instead in D:\xampp\htdocs\cloriwatDB\wp-content\plugins\acuasafe-plugin\file_crop.php on line 131
[04-Aug-2025 11:10:46 UTC] PHP Deprecated:  Using ${var} in strings is deprecated, use {$var} instead in D:\xampp\htdocs\cloriwatDB\wp-content\plugins\acuasafe-plugin\file_crop.php on line 69
[04-Aug-2025 11:10:46 UTC] PHP Deprecated:  Using ${var} in strings is deprecated, use {$var} instead in D:\xampp\htdocs\cloriwatDB\wp-content\plugins\acuasafe-plugin\file_crop.php on line 127
[04-Aug-2025 11:10:46 UTC] PHP Deprecated:  Using ${var} in strings is deprecated, use {$var} instead in D:\xampp\htdocs\cloriwatDB\wp-content\plugins\acuasafe-plugin\file_crop.php on line 127
[04-Aug-2025 11:10:46 UTC] PHP Deprecated:  Using ${var} in strings is deprecated, use {$var} instead in D:\xampp\htdocs\cloriwatDB\wp-content\plugins\acuasafe-plugin\file_crop.php on line 129
[04-Aug-2025 11:10:46 UTC] PHP Deprecated:  Using ${var} in strings is deprecated, use {$var} instead in D:\xampp\htdocs\cloriwatDB\wp-content\plugins\acuasafe-plugin\file_crop.php on line 131
[04-Aug-2025 11:10:46 UTC] PHP Deprecated:  Using ${var} in strings is deprecated, use {$var} instead in D:\xampp\htdocs\cloriwatDB\wp-content\plugins\acuasafe-plugin\file_crop.php on line 131
[04-Aug-2025 11:10:46 UTC] PHP Deprecated:  Using ${var} in strings is deprecated, use {$var} instead in D:\xampp\htdocs\cloriwatDB\wp-content\plugins\acuasafe-plugin\file_crop.php on line 131
[04-Aug-2025 11:10:46 UTC] PHP Deprecated:  Using ${var} in strings is deprecated, use {$var} instead in D:\xampp\htdocs\cloriwatDB\wp-content\plugins\acuasafe-plugin\file_crop.php on line 131
[04-Aug-2025 11:21:45 UTC] PHP Notice:  Function _load_textdomain_just_in_time was called <strong>incorrectly</strong>. Translation loading for the <code>acuasafe</code> domain was triggered too early. This is usually an indicator for some code in the plugin or theme running too early. Translations should be loaded at the <code>init</code> action or later. Please see <a href="https://developer.wordpress.org/advanced-administration/debug/debug-wordpress/">Debugging in WordPress</a> for more information. (This message was added in version 6.7.0.) in D:\xampp\htdocs\cloriwatDB\wp-includes\functions.php on line 6121
[04-Aug-2025 11:21:45 UTC] PHP Deprecated:  Creation of dynamic property Merlin::$ready_big_button_url is deprecated in D:\xampp\htdocs\cloriwatDB\wp-content\themes\acuasafe\demo-import\class-merlin.php on line 268
[04-Aug-2025 11:21:45 UTC] PHP Deprecated:  Creation of dynamic property Merlin::$slug is deprecated in D:\xampp\htdocs\cloriwatDB\wp-content\themes\acuasafe\demo-import\class-merlin.php on line 275
[04-Aug-2025 11:21:45 UTC] PHP Deprecated:  Creation of dynamic property ACUASAFE\Includes\Classes\Base::$protocol is deprecated in D:\xampp\htdocs\cloriwatDB\wp-content\themes\acuasafe\includes\classes\base.php on line 28
[04-Aug-2025 11:21:45 UTC] PHP Deprecated:  Creation of dynamic property Merlin::$hook_suffix is deprecated in D:\xampp\htdocs\cloriwatDB\wp-content\themes\acuasafe\demo-import\class-merlin.php on line 418
[04-Aug-2025 11:21:50 UTC] PHP Notice:  Function _load_textdomain_just_in_time was called <strong>incorrectly</strong>. Translation loading for the <code>acuasafe</code> domain was triggered too early. This is usually an indicator for some code in the plugin or theme running too early. Translations should be loaded at the <code>init</code> action or later. Please see <a href="https://developer.wordpress.org/advanced-administration/debug/debug-wordpress/">Debugging in WordPress</a> for more information. (This message was added in version 6.7.0.) in D:\xampp\htdocs\cloriwatDB\wp-includes\functions.php on line 6121
[04-Aug-2025 11:21:50 UTC] PHP Deprecated:  Creation of dynamic property Merlin::$ready_big_button_url is deprecated in D:\xampp\htdocs\cloriwatDB\wp-content\themes\acuasafe\demo-import\class-merlin.php on line 268
[04-Aug-2025 11:21:50 UTC] PHP Deprecated:  Creation of dynamic property Merlin::$slug is deprecated in D:\xampp\htdocs\cloriwatDB\wp-content\themes\acuasafe\demo-import\class-merlin.php on line 275
[04-Aug-2025 11:21:50 UTC] PHP Deprecated:  Creation of dynamic property ACUASAFE\Includes\Classes\Base::$protocol is deprecated in D:\xampp\htdocs\cloriwatDB\wp-content\themes\acuasafe\includes\classes\base.php on line 28
[04-Aug-2025 11:21:50 UTC] PHP Deprecated:  Creation of dynamic property ACUASAFE\Includes\Classes\Common::$template is deprecated in D:\xampp\htdocs\cloriwatDB\wp-content\themes\acuasafe\includes\classes\common.php on line 24
[04-Aug-2025 11:21:50 UTC] PHP Deprecated:  Function WC_Cart::get_cart_url is <strong>deprecated</strong> since version 2.5! Use wc_get_cart_url instead. in D:\xampp\htdocs\cloriwatDB\wp-includes\functions.php on line 6121
[04-Aug-2025 11:21:50 UTC] PHP Deprecated:  Function WC_Cart::get_cart_url is <strong>deprecated</strong> since version 2.5! Use wc_get_cart_url instead. in D:\xampp\htdocs\cloriwatDB\wp-includes\functions.php on line 6121
[04-Aug-2025 11:21:51 UTC] PHP Notice:  Function _load_textdomain_just_in_time was called <strong>incorrectly</strong>. Translation loading for the <code>acuasafe</code> domain was triggered too early. This is usually an indicator for some code in the plugin or theme running too early. Translations should be loaded at the <code>init</code> action or later. Please see <a href="https://developer.wordpress.org/advanced-administration/debug/debug-wordpress/">Debugging in WordPress</a> for more information. (This message was added in version 6.7.0.) in D:\xampp\htdocs\cloriwatDB\wp-includes\functions.php on line 6121
[04-Aug-2025 11:21:51 UTC] PHP Deprecated:  Creation of dynamic property Merlin::$ready_big_button_url is deprecated in D:\xampp\htdocs\cloriwatDB\wp-content\themes\acuasafe\demo-import\class-merlin.php on line 268
[04-Aug-2025 11:21:51 UTC] PHP Deprecated:  Creation of dynamic property Merlin::$slug is deprecated in D:\xampp\htdocs\cloriwatDB\wp-content\themes\acuasafe\demo-import\class-merlin.php on line 275
[04-Aug-2025 11:21:51 UTC] PHP Deprecated:  Creation of dynamic property ACUASAFE\Includes\Classes\Base::$protocol is deprecated in D:\xampp\htdocs\cloriwatDB\wp-content\themes\acuasafe\includes\classes\base.php on line 28
[04-Aug-2025 11:21:57 UTC] PHP Notice:  Function _load_textdomain_just_in_time was called <strong>incorrectly</strong>. Translation loading for the <code>acuasafe</code> domain was triggered too early. This is usually an indicator for some code in the plugin or theme running too early. Translations should be loaded at the <code>init</code> action or later. Please see <a href="https://developer.wordpress.org/advanced-administration/debug/debug-wordpress/">Debugging in WordPress</a> for more information. (This message was added in version 6.7.0.) in D:\xampp\htdocs\cloriwatDB\wp-includes\functions.php on line 6121
[04-Aug-2025 11:21:57 UTC] PHP Deprecated:  Creation of dynamic property Merlin::$ready_big_button_url is deprecated in D:\xampp\htdocs\cloriwatDB\wp-content\themes\acuasafe\demo-import\class-merlin.php on line 268
[04-Aug-2025 11:21:57 UTC] PHP Deprecated:  Creation of dynamic property Merlin::$slug is deprecated in D:\xampp\htdocs\cloriwatDB\wp-content\themes\acuasafe\demo-import\class-merlin.php on line 275
[04-Aug-2025 11:21:57 UTC] PHP Deprecated:  Creation of dynamic property ACUASAFE\Includes\Classes\Base::$protocol is deprecated in D:\xampp\htdocs\cloriwatDB\wp-content\themes\acuasafe\includes\classes\base.php on line 28
[04-Aug-2025 11:21:57 UTC] PHP Deprecated:  Creation of dynamic property Merlin::$hook_suffix is deprecated in D:\xampp\htdocs\cloriwatDB\wp-content\themes\acuasafe\demo-import\class-merlin.php on line 418
[06-Aug-2025 01:50:20 UTC] Automatic updates starting...
[06-Aug-2025 01:50:21 UTC]   Automatic plugin updates starting...
[06-Aug-2025 01:50:21 UTC]   Automatic plugin updates complete.
[06-Aug-2025 01:50:22 UTC] Automatic updates complete.
